Solid Edge nach STEP übersetzen
Datum: Freitag,November 13,2015 11:28
Ausgabedatei: C:\Users\Thomas\Documents\Hobby\Raketenmodellbau\RTVC\Simulation\01_CFD\geometry\rtvc_radius.stp
Autor: Unknown
Organisation: Unknown
Ausgangssystem: Solid Edge

Hardware:
Prozessor: Intel(R) Core(TM) i5 CPU         650  @ 3.20GHz
Betriebssystem: Windows 8 Professional
Installierter Speicher: 3.92 GB

Software-Informationen
Parasolid-Version: 28.0.143
PSBodyShop-Version: 28.0.80
Step-Adapterversion: 1.0.820
Solid Edge-Version: 108.00.00.091 x64

STEP-Exportoptionen
Exportformat: AP203
Konstruktionsbleche exportieren: Aus
Konstruktionsvolumen exportieren: Ein
Konstruktionsdrähte exportieren: Aus
Nur angezeigte Teile exportieren: Aus
Einheiten exportieren: Meter
Namen von Teilkomponenten exportieren als Unicode: Aus

Phase 1 von 1 - Parasolid in Fremddatentypen übersetzen...
Übersetzungsvorgang ist abgeschlossen
Zum Übersetzen benötigte Zeit:00 : 00 : 01
