This is pdfTeX, Version 3.14159265-2.6-1.40.16 (MiKTeX 2.9) (preloaded format=pdflatex 2015.10.9)  5 JAN 2016 12:41
entering extended mode
**rtvc.tex
(rtvc.tex
LaTeX2e <2015/01/01> patch level 2
Babel <3.9m> and hyphenation patterns for 69 languages loaded.
(E:\ITVC\06_Software\01_LatexEnv\miktex\tex\latex\koma-script\scrreprt.cls
Document Class: scrreprt 2015/10/03 v3.19a KOMA-Script document class (report)
(E:\ITVC\06_Software\01_LatexEnv\miktex\tex\latex\koma-script\scrkbase.sty
Package: scrkbase 2015/10/03 v3.19a KOMA-Script package (KOMA-Script-dependent 
basics and keyval usage)

(E:\ITVC\06_Software\01_LatexEnv\miktex\tex\latex\koma-script\scrbase.sty
Package: scrbase 2015/10/03 v3.19a KOMA-Script package (KOMA-Script-independent
 basics and keyval usage)

(E:\ITVC\06_Software\01_LatexEnv\miktex\tex\latex\graphics\keyval.sty
Package: keyval 2014/10/28 v1.15 key=value parser (DPC)
\KV@toks@=\toks14
)
(E:\ITVC\06_Software\01_LatexEnv\miktex\tex\latex\koma-script\scrlfile.sty
Package: scrlfile 2015/10/03 v3.19a KOMA-Script package (loading files)

Package scrlfile, 2015/10/03 v3.19a KOMA-Script package (loading files)
                  Copyright (C) Markus Kohm

))) (E:\ITVC\06_Software\01_LatexEnv\miktex\tex\latex\koma-script\tocbasic.sty
Package: tocbasic 2015/10/03 v3.19a KOMA-Script package (handling toc-files)
)
Package tocbasic Info: omitting babel extension for `toc'
(tocbasic)             because of feature `nobabel' available
(tocbasic)             for `toc' on input line 125.
Package tocbasic Info: omitting babel extension for `lof'
(tocbasic)             because of feature `nobabel' available
(tocbasic)             for `lof' on input line 126.
Package tocbasic Info: omitting babel extension for `lot'
(tocbasic)             because of feature `nobabel' available
(tocbasic)             for `lot' on input line 127.
Package tocbasic Info: defining new hook before heading of `' on input line 158
8.
Package scrreprt Info: You've used standard option `12pt'.
(scrreprt)             This is correct!
(scrreprt)             Internally I'm using `fontsize=12pt'.
(scrreprt)             If you'd like to set the option with \KOMAoptions,
(scrreprt)             you'd have to use `fontsize=12pt' there
(scrreprt)             instead of `12pt', too.
(E:\ITVC\06_Software\01_LatexEnv\miktex\tex\latex\base\fleqn.clo
File: fleqn.clo 2015/03/31 v1.1i Standard LaTeX option (flush left equations)
\mathindent=\dimen102
Applying: [2015/01/01] Make \[ robust on input line 50.
LaTeX Info: Redefining \[ on input line 51.
Already applied: [0000/00/00] Make \[ robust on input line 62.
Applying: [2015/01/01] Make \] robust on input line 74.
LaTeX Info: Redefining \] on input line 75.
Already applied: [0000/00/00] Make \] robust on input line 83.
)
Class scrreprt Info: You've used standard option `oneside'.
(scrreprt)           This is correct!
(scrreprt)           Internally I'm using `twoside=false'.
(scrreprt)           If you'd like to set the option with \KOMAoptions,
(scrreprt)           you'd have to use `twoside=false' there
(scrreprt)           instead of `oneside', too.
Class scrreprt Info: File `scrsize12pt.clo' used to setup font sizes on input l
ine 2248.

(E:\ITVC\06_Software\01_LatexEnv\miktex\tex\latex\koma-script\scrsize12pt.clo
File: scrsize12pt.clo 2015/10/03 v3.19a KOMA-Script font size class option (12p
t)
)
(E:\ITVC\06_Software\01_LatexEnv\miktex\tex\latex\koma-script\typearea.sty
Package: typearea 2015/10/03 v3.19a KOMA-Script package (type area)

Package typearea, 2015/10/03 v3.19a KOMA-Script package (type area)
                  Copyright (C) Frank Neukam, 1992-1994
                  Copyright (C) Markus Kohm, 1994-

\ta@bcor=\skip41
\ta@div=\count79
Package typearea Info: You've used standard option `oneside'.
(typearea)             This is correct!
(typearea)             Internally I'm using `twoside=false'.
(typearea)             If you'd like to set the option with \KOMAoptions,
(typearea)             you'd have to use `twoside=false' there
(typearea)             instead of `oneside', too.
\ta@hblk=\skip42
\ta@vblk=\skip43
\ta@temp=\skip44
\footheight=\skip45
Package typearea Info: These are the values describing the layout:
(typearea)             DIV  = 12
(typearea)             BCOR = 0.0pt
(typearea)             \paperwidth      = 597.50793pt
(typearea)              \textwidth      = 448.13095pt
(typearea)              DIV departure   = -6%
(typearea)              \evensidemargin = 2.4185pt
(typearea)              \oddsidemargin  = 2.4185pt
(typearea)             \paperheight     = 845.04694pt
(typearea)              \textheight     = 606.5pt
(typearea)              \topmargin      = -1.84941pt
(typearea)              \headheight     = 18.125pt
(typearea)              \headsep        = 21.75pt
(typearea)              \topskip        = 12.0pt
(typearea)              \footskip       = 50.75pt
(typearea)              \baselineskip   = 14.5pt
(typearea)              on input line 1509.
)
\c@part=\count80
\c@chapter=\count81
\c@section=\count82
\c@subsection=\count83
\c@subsubsection=\count84
\c@paragraph=\count85
\c@subparagraph=\count86
LaTeX Info: Redefining \textsubscript on input line 4652.
\abovecaptionskip=\skip46
\belowcaptionskip=\skip47
\c@pti@nb@sid@b@x=\box26
\c@figure=\count87
\c@table=\count88
\bibindent=\dimen103
) (E:\ITVC\06_Software\01_LatexEnv\miktex\tex\generic\babel\babel.sty
Package: babel 2015/08/03 3.9m The Babel package

*************************************
* Local config file bblopts.cfg used
*
(E:\ITVC\06_Software\01_LatexEnv\miktex\tex\latex\00miktex\bblopts.cfg
File: bblopts.cfg 2006/07/31 v1.0 MiKTeX 'babel' configuration
)
(E:\ITVC\06_Software\01_LatexEnv\miktex\tex\latex\babel-german\ngerman.ldf
Language: ngerman 2013/12/13 v2.7 German support for babel (new orthography)

(E:\ITVC\06_Software\01_LatexEnv\miktex\tex\latex\babel-german\ngermanb.ldf
Language: ngermanb 2013/12/13 v2.7 German support for babel (new orthography)

(E:\ITVC\06_Software\01_LatexEnv\miktex\tex\generic\babel\babel.def
File: babel.def 2015/08/03 3.9m Babel common definitions
\babel@savecnt=\count89
\U@D=\dimen104
)
\l@naustrian = a dialect from \language\l@ngerman 
\l@nswissgerman = a dialect from \language\l@ngerman 
Package babel Info: Making " an active character on input line 88.
)))
(E:\ITVC\06_Software\01_LatexEnv\miktex\tex\latex\base\latexsym.sty
Package: latexsym 1998/08/17 v2.2e Standard LaTeX package (lasy symbols)
\symlasy=\mathgroup4
LaTeX Font Info:    Overwriting symbol font `lasy' in version `bold'
(Font)                  U/lasy/m/n --> U/lasy/b/n on input line 52.
)
(E:\ITVC\06_Software\01_LatexEnv\miktex\tex\latex\amsfonts\amsfonts.sty
Package: amsfonts 2013/01/14 v3.01 Basic AMSFonts support
\@emptytoks=\toks15
\symAMSa=\mathgroup5
\symAMSb=\mathgroup6
LaTeX Font Info:    Overwriting math alphabet `\mathfrak' in version `bold'
(Font)                  U/euf/m/n --> U/euf/b/n on input line 106.
)
(E:\ITVC\06_Software\01_LatexEnv\miktex\tex\latex\amsfonts\amssymb.sty
Package: amssymb 2013/01/14 v3.01 AMS font symbols
)
(E:\ITVC\06_Software\01_LatexEnv\miktex\tex\latex\amsmath\amsmath.sty
Package: amsmath 2013/01/14 v2.14 AMS math features
\@mathmargin=\skip48

For additional information on amsmath, use the `?' option.
(E:\ITVC\06_Software\01_LatexEnv\miktex\tex\latex\amsmath\amstext.sty
Package: amstext 2000/06/29 v2.01

(E:\ITVC\06_Software\01_LatexEnv\miktex\tex\latex\amsmath\amsgen.sty
File: amsgen.sty 1999/11/30 v2.0
\@emptytoks=\toks16
\ex@=\dimen105
))
(E:\ITVC\06_Software\01_LatexEnv\miktex\tex\latex\amsmath\amsbsy.sty
Package: amsbsy 1999/11/29 v1.2d
\pmbraise@=\dimen106
)
(E:\ITVC\06_Software\01_LatexEnv\miktex\tex\latex\amsmath\amsopn.sty
Package: amsopn 1999/12/14 v2.01 operator names
)
\inf@bad=\count90
LaTeX Info: Redefining \frac on input line 210.
\uproot@=\count91
\leftroot@=\count92
LaTeX Info: Redefining \overline on input line 306.
\classnum@=\count93
\DOTSCASE@=\count94
LaTeX Info: Redefining \ldots on input line 378.
LaTeX Info: Redefining \dots on input line 381.
LaTeX Info: Redefining \cdots on input line 466.
\Mathstrutbox@=\box27
\strutbox@=\box28
\big@size=\dimen107
LaTeX Font Info:    Redeclaring font encoding OML on input line 566.
LaTeX Font Info:    Redeclaring font encoding OMS on input line 567.
\macc@depth=\count95
\c@MaxMatrixCols=\count96
\dotsspace@=\muskip10
\c@parentequation=\count97
\dspbrk@lvl=\count98
\tag@help=\toks17
\row@=\count99
\column@=\count100
\maxfields@=\count101
\andhelp@=\toks18
\eqnshift@=\dimen108
\alignsep@=\dimen109
\tagshift@=\dimen110
\tagwidth@=\dimen111
\totwidth@=\dimen112
\lineht@=\dimen113
\@envbody=\toks19
\multlinegap=\skip49
\multlinetaggap=\skip50
\mathdisplay@stack=\toks20
LaTeX Info: Redefining \[ on input line 2665.
LaTeX Info: Redefining \] on input line 2666.
)
(E:\ITVC\06_Software\01_LatexEnv\miktex\tex\latex\german\ngerman.sty
v2.5e 1998-07-08
Package: ngerman 1998/07/08 v2.5e Support for writing german texts (br)
\grmnU@D=\dimen114
LaTeX Info: Redefining \glqq on input line 255.
LaTeX Info: Redefining \glq on input line 268.
LaTeX Info: Redefining \flqq on input line 281.
LaTeX Info: Redefining \frqq on input line 289.
LaTeX Info: Redefining \flq on input line 297.
LaTeX Info: Redefining \frq on input line 304.
)
(E:\ITVC\06_Software\01_LatexEnv\miktex\tex\latex\tools\longtable.sty
Package: longtable 2014/10/28 v4.11 Multi-page Table package (DPC)
\LTleft=\skip51
\LTright=\skip52
\LTpre=\skip53
\LTpost=\skip54
\LTchunksize=\count102
\LTcapwidth=\dimen115
\LT@head=\box29
\LT@firsthead=\box30
\LT@foot=\box31
\LT@lastfoot=\box32
\LT@cols=\count103
\LT@rows=\count104
\c@LT@tables=\count105
\c@LT@chunks=\count106
\LT@p@ftn=\toks21
)
Class scrreprt Info: longtable captions redefined on input line 68.

(E:\ITVC\06_Software\01_LatexEnv\miktex\tex\latex\movie15\movie15.sty
Package: movie15 2012/05/16

(E:\ITVC\06_Software\01_LatexEnv\miktex\tex\latex\base\ifthen.sty
Package: ifthen 2014/09/29 v1.1c Standard LaTeX ifthen package (DPC)
)
(E:\ITVC\06_Software\01_LatexEnv\miktex\tex\generic\oberdiek\ifpdf.sty
Package: ifpdf 2011/01/30 v2.3 Provides the ifpdf switch (HO)
Package ifpdf Info: pdfTeX in PDF mode is detected.
)
(E:\ITVC\06_Software\01_LatexEnv\miktex\tex\latex\oberdiek\ifdraft.sty
Package: ifdraft 2008/08/11 v1.3 Detect class options draft and final (HO)
)
(E:\ITVC\06_Software\01_LatexEnv\miktex\tex\latex\ms\everyshi.sty
Package: everyshi 2001/05/15 v3.00 EveryShipout Package (MS)
)
\@MXV@page=\count107
\@MXV@adict=\count108
\@MXV@aadict=\count109
\@MXV@includes=\count110
\@MXV@players=\count111
\@MXV@links=\count112
\@MXV@width=\dimen116
\@MXV@height=\dimen117
\@MXV@depth=\dimen118
\@MXV@totalheight=\dimen119
\@MXV@@boxdepth=\dimen120
\@MXV@traiselen=\dimen121
\@MXV@braiselen=\dimen122
\@MXV@start=\dimen123
\@MXV@end=\dimen124
\@MXV@textbox=\box33
)
(E:\ITVC\06_Software\01_LatexEnv\miktex\tex\latex\germbib\bibgerm.sty
Package: bibgerm 2000/08/18 v0.1 Support for mixed language bibliographies

** Macros for german `BibTeX'ing added to Style Option `german' 20 Apr 1993 **
** idea and languages `german' and `USenglish' implemented by M. Wallmeier **
** Modified for LaTeX 2e and german.sty 2.5b by A. Scherer 1 Nov 1995 **
** Modified for ngerman.sty and babel.sty by H. Harders 21 August 2000 **)
(E:\ITVC\06_Software\01_LatexEnv\miktex\tex\latex\graphics\graphicx.sty
Package: graphicx 2014/10/28 v1.0g Enhanced LaTeX Graphics (DPC,SPQR)

(E:\ITVC\06_Software\01_LatexEnv\miktex\tex\latex\graphics\graphics.sty
Package: graphics 2014/10/28 v1.0p Standard LaTeX Graphics (DPC,SPQR)

(E:\ITVC\06_Software\01_LatexEnv\miktex\tex\latex\graphics\trig.sty
Package: trig 1999/03/16 v1.09 sin cos tan (DPC)
)
(E:\ITVC\06_Software\01_LatexEnv\miktex\tex\latex\00miktex\graphics.cfg
File: graphics.cfg 2007/01/18 v1.5 graphics configuration of teTeX/TeXLive
)
Package graphics Info: Driver file: pdftex.def on input line 94.

(E:\ITVC\06_Software\01_LatexEnv\miktex\tex\latex\pdftex-def\pdftex.def
File: pdftex.def 2011/05/27 v0.06d Graphics/color for pdfTeX

(E:\ITVC\06_Software\01_LatexEnv\miktex\tex\generic\oberdiek\infwarerr.sty
Package: infwarerr 2010/04/08 v1.3 Providing info/warning/error messages (HO)
)
(E:\ITVC\06_Software\01_LatexEnv\miktex\tex\generic\oberdiek\ltxcmds.sty
Package: ltxcmds 2011/11/09 v1.22 LaTeX kernel commands for general use (HO)
)
\Gread@gobject=\count113
))
\Gin@req@height=\dimen125
\Gin@req@width=\dimen126
)
(E:\ITVC\06_Software\01_LatexEnv\miktex\tex\latex\base\inputenc.sty
Package: inputenc 2015/03/17 v1.2c Input encoding file
\inpenc@prehook=\toks22
\inpenc@posthook=\toks23

(E:\ITVC\06_Software\01_LatexEnv\miktex\tex\latex\base\latin1.def
File: latin1.def 2015/03/17 v1.2c Input encoding file
))
(E:\ITVC\06_Software\01_LatexEnv\miktex\tex\latex\base\fontenc.sty
Package: fontenc 2005/09/27 v1.99g Standard LaTeX package

(E:\ITVC\06_Software\01_LatexEnv\miktex\tex\latex\base\t1enc.def
File: t1enc.def 2005/09/27 v1.99g Standard LaTeX file
LaTeX Font Info:    Redeclaring font encoding T1 on input line 48.
))
(E:\ITVC\06_Software\01_LatexEnv\miktex\tex\latex\lm\lmodern.sty
Package: lmodern 2009/10/30 v1.6 Latin Modern Fonts
LaTeX Font Info:    Overwriting symbol font `operators' in version `normal'
(Font)                  OT1/cmr/m/n --> OT1/lmr/m/n on input line 22.
LaTeX Font Info:    Overwriting symbol font `letters' in version `normal'
(Font)                  OML/cmm/m/it --> OML/lmm/m/it on input line 23.
LaTeX Font Info:    Overwriting symbol font `symbols' in version `normal'
(Font)                  OMS/cmsy/m/n --> OMS/lmsy/m/n on input line 24.
LaTeX Font Info:    Overwriting symbol font `largesymbols' in version `normal'
(Font)                  OMX/cmex/m/n --> OMX/lmex/m/n on input line 25.
LaTeX Font Info:    Overwriting symbol font `operators' in version `bold'
(Font)                  OT1/cmr/bx/n --> OT1/lmr/bx/n on input line 26.
LaTeX Font Info:    Overwriting symbol font `letters' in version `bold'
(Font)                  OML/cmm/b/it --> OML/lmm/b/it on input line 27.
LaTeX Font Info:    Overwriting symbol font `symbols' in version `bold'
(Font)                  OMS/cmsy/b/n --> OMS/lmsy/b/n on input line 28.
LaTeX Font Info:    Overwriting symbol font `largesymbols' in version `bold'
(Font)                  OMX/cmex/m/n --> OMX/lmex/m/n on input line 29.
LaTeX Font Info:    Overwriting math alphabet `\mathbf' in version `normal'
(Font)                  OT1/cmr/bx/n --> OT1/lmr/bx/n on input line 31.
LaTeX Font Info:    Overwriting math alphabet `\mathsf' in version `normal'
(Font)                  OT1/cmss/m/n --> OT1/lmss/m/n on input line 32.
LaTeX Font Info:    Overwriting math alphabet `\mathit' in version `normal'
(Font)                  OT1/cmr/m/it --> OT1/lmr/m/it on input line 33.
LaTeX Font Info:    Overwriting math alphabet `\mathtt' in version `normal'
(Font)                  OT1/cmtt/m/n --> OT1/lmtt/m/n on input line 34.
LaTeX Font Info:    Overwriting math alphabet `\mathbf' in version `bold'
(Font)                  OT1/cmr/bx/n --> OT1/lmr/bx/n on input line 35.
LaTeX Font Info:    Overwriting math alphabet `\mathsf' in version `bold'
(Font)                  OT1/cmss/bx/n --> OT1/lmss/bx/n on input line 36.
LaTeX Font Info:    Overwriting math alphabet `\mathit' in version `bold'
(Font)                  OT1/cmr/bx/it --> OT1/lmr/bx/it on input line 37.
LaTeX Font Info:    Overwriting math alphabet `\mathtt' in version `bold'
(Font)                  OT1/cmtt/m/n --> OT1/lmtt/m/n on input line 38.
)
(E:\ITVC\06_Software\01_LatexEnv\miktex\tex\latex\url\url.sty
\Urlmuskip=\muskip11
Package: url 2013/09/16  ver 3.4  Verb mode for urls, etc.
)
(E:\ITVC\06_Software\01_LatexEnv\miktex\tex\latex\tools\array.sty
Package: array 2014/10/28 v2.4c Tabular extension package (FMi)
\col@sep=\dimen127
\extrarowheight=\dimen128
\NC@list=\toks24
\extratabsurround=\skip55
\backup@length=\skip56
)
(E:\ITVC\06_Software\01_LatexEnv\miktex\tex\latex\units\units.sty
Package: units 1998/08/04 v0.9b Typesetting units

(E:\ITVC\06_Software\01_LatexEnv\miktex\tex\latex\units\nicefrac.sty
Package: nicefrac 1998/08/04 v0.9b Nice fractions
\L@UnitsRaiseDisplaystyle=\skip57
\L@UnitsRaiseTextstyle=\skip58
\L@UnitsRaiseScriptstyle=\skip59
))
(E:\ITVC\06_Software\01_LatexEnv\miktex\tex\latex\caption\caption.sty
Package: caption 2015/09/17 v3.3-111 Customizing captions (AR)

(E:\ITVC\06_Software\01_LatexEnv\miktex\tex\latex\caption\caption3.sty
Package: caption3 2015/09/20 v1.7-115 caption3 kernel (AR)
Package caption3 Info: TeX engine: e-TeX on input line 57.
\captionmargin=\dimen129
\captionmargin@=\dimen130
\captionwidth=\dimen131
\caption@tempdima=\dimen132
\caption@indent=\dimen133
\caption@parindent=\dimen134
\caption@hangindent=\dimen135
)
Package caption Info: KOMA-Script document class.
\c@ContinuedFloat=\count114
Package caption Info: longtable package is loaded.

(E:\ITVC\06_Software\01_LatexEnv\miktex\tex\latex\caption\ltcaption.sty
Package: ltcaption 2013/06/09 v1.4-94 longtable captions (AR)
))
(E:\ITVC\06_Software\01_LatexEnv\miktex\tex\latex\pdfpages\pdfpages.sty
Package: pdfpages 2015/09/18 v0.5d Insert pages of external PDF documents (AM)

(E:\ITVC\06_Software\01_LatexEnv\miktex\tex\latex\tools\calc.sty
Package: calc 2014/10/28 v4.3 Infix arithmetic (KKT,FJ)
\calc@Acount=\count115
\calc@Bcount=\count116
\calc@Adimen=\dimen136
\calc@Bdimen=\dimen137
\calc@Askip=\skip60
\calc@Bskip=\skip61
LaTeX Info: Redefining \setlength on input line 80.
LaTeX Info: Redefining \addtolength on input line 81.
\calc@Ccount=\count117
\calc@Cskip=\skip62
)
(E:\ITVC\06_Software\01_LatexEnv\miktex\tex\latex\eso-pic\eso-pic.sty
Package: eso-pic 2015/07/21 v2.0g eso-pic (RN)

(E:\ITVC\06_Software\01_LatexEnv\miktex\tex\generic\oberdiek\atbegshi.sty
Package: atbegshi 2011/10/05 v1.16 At begin shipout hook (HO)
)
(E:\ITVC\06_Software\01_LatexEnv\miktex\tex\latex\xcolor\xcolor.sty
Package: xcolor 2007/01/21 v2.11 LaTeX color extensions (UK)

(E:\ITVC\06_Software\01_LatexEnv\miktex\tex\latex\00miktex\color.cfg
File: color.cfg 2007/01/18 v1.5 color configuration of teTeX/TeXLive
)
Package xcolor Info: Driver file: pdftex.def on input line 225.
Package xcolor Info: Model `cmy' substituted by `cmy0' on input line 1337.
Package xcolor Info: Model `hsb' substituted by `rgb' on input line 1341.
Package xcolor Info: Model `RGB' extended on input line 1353.
Package xcolor Info: Model `HTML' substituted by `rgb' on input line 1355.
Package xcolor Info: Model `Hsb' substituted by `hsb' on input line 1356.
Package xcolor Info: Model `tHsb' substituted by `hsb' on input line 1357.
Package xcolor Info: Model `HSB' substituted by `hsb' on input line 1358.
Package xcolor Info: Model `Gray' substituted by `gray' on input line 1359.
Package xcolor Info: Model `wave' substituted by `hsb' on input line 1360.
))
\AM@pagewidth=\dimen138
\AM@pageheight=\dimen139

(E:\ITVC\06_Software\01_LatexEnv\miktex\tex\latex\pdfpages\pppdftex.def
File: pppdftex.def 2015/09/18 v0.5d Pdfpages driver for pdfTeX (AM)
)
\AM@pagebox=\box34
\AM@toc@title=\toks25
\c@AM@survey=\count118
\AM@templatesizebox=\box35
)
(E:\ITVC\06_Software\01_LatexEnv\miktex\tex\latex\wrapfig\wrapfig.sty
\wrapoverhang=\dimen140
\WF@size=\dimen141
\c@WF@wrappedlines=\count119
\WF@box=\box36
\WF@everypar=\toks26
Package: wrapfig 2003/01/31  v 3.6
)
(E:\ITVC\06_Software\01_LatexEnv\miktex\tex\latex\ltxmisc\here.sty)
(E:\ITVC\06_Software\01_LatexEnv\miktex\tex\latex\natbib\natbib.sty
Package: natbib 2010/09/13 8.31b (PWD, AO)
\bibhang=\skip63
\bibsep=\skip64
LaTeX Info: Redefining \cite on input line 694.
\c@NAT@ctr=\count120
)
(E:\ITVC\06_Software\01_LatexEnv\miktex\tex\latex\koma-script\scrhack.sty
Package: scrhack 2015/10/03 v3.19a KOMA-Script package 
)
(E:\ITVC\06_Software\01_LatexEnv\miktex\tex\latex\pgf\frontendlayer\tikz.sty
(E:\ITVC\06_Software\01_LatexEnv\miktex\tex\latex\pgf\basiclayer\pgf.sty
(E:\ITVC\06_Software\01_LatexEnv\miktex\tex\latex\pgf\utilities\pgfrcs.sty
(E:\ITVC\06_Software\01_LatexEnv\miktex\tex\generic\pgf\utilities\pgfutil-commo
n.tex
\pgfutil@everybye=\toks27
\pgfutil@tempdima=\dimen142
\pgfutil@tempdimb=\dimen143

(E:\ITVC\06_Software\01_LatexEnv\miktex\tex\generic\pgf\utilities\pgfutil-commo
n-lists.tex))
(E:\ITVC\06_Software\01_LatexEnv\miktex\tex\generic\pgf\utilities\pgfutil-latex
.def
\pgfutil@abb=\box37
)
(E:\ITVC\06_Software\01_LatexEnv\miktex\tex\generic\pgf\utilities\pgfrcs.code.t
ex
Package: pgfrcs 2015/08/07 v3.0.1a (rcs-revision 1.31)
))
Package: pgf 2015/08/07 v3.0.1a (rcs-revision 1.15)

(E:\ITVC\06_Software\01_LatexEnv\miktex\tex\latex\pgf\basiclayer\pgfcore.sty
(E:\ITVC\06_Software\01_LatexEnv\miktex\tex\latex\pgf\systemlayer\pgfsys.sty
(E:\ITVC\06_Software\01_LatexEnv\miktex\tex\generic\pgf\systemlayer\pgfsys.code
.tex
Package: pgfsys 2014/07/09 v3.0.1a (rcs-revision 1.48)

(E:\ITVC\06_Software\01_LatexEnv\miktex\tex\generic\pgf\utilities\pgfkeys.code.
tex
\pgfkeys@pathtoks=\toks28
\pgfkeys@temptoks=\toks29

(E:\ITVC\06_Software\01_LatexEnv\miktex\tex\generic\pgf\utilities\pgfkeysfilter
ed.code.tex
\pgfkeys@tmptoks=\toks30
))
\pgf@x=\dimen144
\pgf@y=\dimen145
\pgf@xa=\dimen146
\pgf@ya=\dimen147
\pgf@xb=\dimen148
\pgf@yb=\dimen149
\pgf@xc=\dimen150
\pgf@yc=\dimen151
\w@pgf@writea=\write3
\r@pgf@reada=\read1
\c@pgf@counta=\count121
\c@pgf@countb=\count122
\c@pgf@countc=\count123
\c@pgf@countd=\count124
\t@pgf@toka=\toks31
\t@pgf@tokb=\toks32
\t@pgf@tokc=\toks33

(E:\ITVC\06_Software\01_LatexEnv\miktex\tex\generic\pgf\systemlayer\pgf.cfg
File: pgf.cfg 2008/05/14  (rcs-revision 1.7)
)
Driver file for pgf: pgfsys-pdftex.def

(E:\ITVC\06_Software\01_LatexEnv\miktex\tex\generic\pgf\systemlayer\pgfsys-pdft
ex.def
File: pgfsys-pdftex.def 2014/10/11  (rcs-revision 1.35)

(E:\ITVC\06_Software\01_LatexEnv\miktex\tex\generic\pgf\systemlayer\pgfsys-comm
on-pdf.def
File: pgfsys-common-pdf.def 2013/10/10  (rcs-revision 1.13)
)))
(E:\ITVC\06_Software\01_LatexEnv\miktex\tex\generic\pgf\systemlayer\pgfsyssoftp
ath.code.tex
File: pgfsyssoftpath.code.tex 2013/09/09  (rcs-revision 1.9)
\pgfsyssoftpath@smallbuffer@items=\count125
\pgfsyssoftpath@bigbuffer@items=\count126
)
(E:\ITVC\06_Software\01_LatexEnv\miktex\tex\generic\pgf\systemlayer\pgfsysproto
col.code.tex
File: pgfsysprotocol.code.tex 2006/10/16  (rcs-revision 1.4)
))
(E:\ITVC\06_Software\01_LatexEnv\miktex\tex\generic\pgf\basiclayer\pgfcore.code
.tex
Package: pgfcore 2010/04/11 v3.0.1a (rcs-revision 1.7)

(E:\ITVC\06_Software\01_LatexEnv\miktex\tex\generic\pgf\math\pgfmath.code.tex
(E:\ITVC\06_Software\01_LatexEnv\miktex\tex\generic\pgf\math\pgfmathcalc.code.t
ex
(E:\ITVC\06_Software\01_LatexEnv\miktex\tex\generic\pgf\math\pgfmathutil.code.t
ex)
(E:\ITVC\06_Software\01_LatexEnv\miktex\tex\generic\pgf\math\pgfmathparser.code
.tex
\pgfmath@dimen=\dimen152
\pgfmath@count=\count127
\pgfmath@box=\box38
\pgfmath@toks=\toks34
\pgfmath@stack@operand=\toks35
\pgfmath@stack@operation=\toks36
)
(E:\ITVC\06_Software\01_LatexEnv\miktex\tex\generic\pgf\math\pgfmathfunctions.c
ode.tex
(E:\ITVC\06_Software\01_LatexEnv\miktex\tex\generic\pgf\math\pgfmathfunctions.b
asic.code.tex)
(E:\ITVC\06_Software\01_LatexEnv\miktex\tex\generic\pgf\math\pgfmathfunctions.t
rigonometric.code.tex)
(E:\ITVC\06_Software\01_LatexEnv\miktex\tex\generic\pgf\math\pgfmathfunctions.r
andom.code.tex)
(E:\ITVC\06_Software\01_LatexEnv\miktex\tex\generic\pgf\math\pgfmathfunctions.c
omparison.code.tex)
(E:\ITVC\06_Software\01_LatexEnv\miktex\tex\generic\pgf\math\pgfmathfunctions.b
ase.code.tex)
(E:\ITVC\06_Software\01_LatexEnv\miktex\tex\generic\pgf\math\pgfmathfunctions.r
ound.code.tex)
(E:\ITVC\06_Software\01_LatexEnv\miktex\tex\generic\pgf\math\pgfmathfunctions.m
isc.code.tex)
(E:\ITVC\06_Software\01_LatexEnv\miktex\tex\generic\pgf\math\pgfmathfunctions.i
ntegerarithmetics.code.tex)))
(E:\ITVC\06_Software\01_LatexEnv\miktex\tex\generic\pgf\math\pgfmathfloat.code.
tex
\c@pgfmathroundto@lastzeros=\count128
))
(E:\ITVC\06_Software\01_LatexEnv\miktex\tex\generic\pgf\basiclayer\pgfcorepoint
s.code.tex
File: pgfcorepoints.code.tex 2013/10/07  (rcs-revision 1.27)
\pgf@picminx=\dimen153
\pgf@picmaxx=\dimen154
\pgf@picminy=\dimen155
\pgf@picmaxy=\dimen156
\pgf@pathminx=\dimen157
\pgf@pathmaxx=\dimen158
\pgf@pathminy=\dimen159
\pgf@pathmaxy=\dimen160
\pgf@xx=\dimen161
\pgf@xy=\dimen162
\pgf@yx=\dimen163
\pgf@yy=\dimen164
\pgf@zx=\dimen165
\pgf@zy=\dimen166
)
(E:\ITVC\06_Software\01_LatexEnv\miktex\tex\generic\pgf\basiclayer\pgfcorepathc
onstruct.code.tex
File: pgfcorepathconstruct.code.tex 2013/10/07  (rcs-revision 1.29)
\pgf@path@lastx=\dimen167
\pgf@path@lasty=\dimen168
)
(E:\ITVC\06_Software\01_LatexEnv\miktex\tex\generic\pgf\basiclayer\pgfcorepathu
sage.code.tex
File: pgfcorepathusage.code.tex 2014/11/02  (rcs-revision 1.24)
\pgf@shorten@end@additional=\dimen169
\pgf@shorten@start@additional=\dimen170
)
(E:\ITVC\06_Software\01_LatexEnv\miktex\tex\generic\pgf\basiclayer\pgfcorescope
s.code.tex
File: pgfcorescopes.code.tex 2015/05/08  (rcs-revision 1.46)
\pgfpic=\box39
\pgf@hbox=\box40
\pgf@layerbox@main=\box41
\pgf@picture@serial@count=\count129
)
(E:\ITVC\06_Software\01_LatexEnv\miktex\tex\generic\pgf\basiclayer\pgfcoregraph
icstate.code.tex
File: pgfcoregraphicstate.code.tex 2014/11/02  (rcs-revision 1.12)
\pgflinewidth=\dimen171
)
(E:\ITVC\06_Software\01_LatexEnv\miktex\tex\generic\pgf\basiclayer\pgfcoretrans
formations.code.tex
File: pgfcoretransformations.code.tex 2015/08/07  (rcs-revision 1.20)
\pgf@pt@x=\dimen172
\pgf@pt@y=\dimen173
\pgf@pt@temp=\dimen174
)
(E:\ITVC\06_Software\01_LatexEnv\miktex\tex\generic\pgf\basiclayer\pgfcorequick
.code.tex
File: pgfcorequick.code.tex 2008/10/09  (rcs-revision 1.3)
)
(E:\ITVC\06_Software\01_LatexEnv\miktex\tex\generic\pgf\basiclayer\pgfcoreobjec
ts.code.tex
File: pgfcoreobjects.code.tex 2006/10/11  (rcs-revision 1.2)
)
(E:\ITVC\06_Software\01_LatexEnv\miktex\tex\generic\pgf\basiclayer\pgfcorepathp
rocessing.code.tex
File: pgfcorepathprocessing.code.tex 2013/09/09  (rcs-revision 1.9)
)
(E:\ITVC\06_Software\01_LatexEnv\miktex\tex\generic\pgf\basiclayer\pgfcorearrow
s.code.tex
File: pgfcorearrows.code.tex 2015/05/14  (rcs-revision 1.43)
\pgfarrowsep=\dimen175
)
(E:\ITVC\06_Software\01_LatexEnv\miktex\tex\generic\pgf\basiclayer\pgfcoreshade
.code.tex
File: pgfcoreshade.code.tex 2013/07/15  (rcs-revision 1.15)
\pgf@max=\dimen176
\pgf@sys@shading@range@num=\count130
)
(E:\ITVC\06_Software\01_LatexEnv\miktex\tex\generic\pgf\basiclayer\pgfcoreimage
.code.tex
File: pgfcoreimage.code.tex 2013/07/15  (rcs-revision 1.18)

(E:\ITVC\06_Software\01_LatexEnv\miktex\tex\generic\pgf\basiclayer\pgfcoreexter
nal.code.tex
File: pgfcoreexternal.code.tex 2014/07/09  (rcs-revision 1.21)
\pgfexternal@startupbox=\box42
))
(E:\ITVC\06_Software\01_LatexEnv\miktex\tex\generic\pgf\basiclayer\pgfcorelayer
s.code.tex
File: pgfcorelayers.code.tex 2013/07/18  (rcs-revision 1.7)
)
(E:\ITVC\06_Software\01_LatexEnv\miktex\tex\generic\pgf\basiclayer\pgfcoretrans
parency.code.tex
File: pgfcoretransparency.code.tex 2013/09/30  (rcs-revision 1.5)
)
(E:\ITVC\06_Software\01_LatexEnv\miktex\tex\generic\pgf\basiclayer\pgfcorepatte
rns.code.tex
File: pgfcorepatterns.code.tex 2013/11/07  (rcs-revision 1.5)
)))
(E:\ITVC\06_Software\01_LatexEnv\miktex\tex\generic\pgf\modules\pgfmoduleshapes
.code.tex
File: pgfmoduleshapes.code.tex 2014/03/21  (rcs-revision 1.35)
\pgfnodeparttextbox=\box43
)
(E:\ITVC\06_Software\01_LatexEnv\miktex\tex\generic\pgf\modules\pgfmoduleplot.c
ode.tex
File: pgfmoduleplot.code.tex 2015/08/03  (rcs-revision 1.13)
)
(E:\ITVC\06_Software\01_LatexEnv\miktex\tex\latex\pgf\compatibility\pgfcomp-ver
sion-0-65.sty
Package: pgfcomp-version-0-65 2007/07/03 v3.0.1a (rcs-revision 1.7)
\pgf@nodesepstart=\dimen177
\pgf@nodesepend=\dimen178
)
(E:\ITVC\06_Software\01_LatexEnv\miktex\tex\latex\pgf\compatibility\pgfcomp-ver
sion-1-18.sty
Package: pgfcomp-version-1-18 2007/07/23 v3.0.1a (rcs-revision 1.1)
))
(E:\ITVC\06_Software\01_LatexEnv\miktex\tex\latex\pgf\utilities\pgffor.sty
(E:\ITVC\06_Software\01_LatexEnv\miktex\tex\latex\pgf\utilities\pgfkeys.sty
(E:\ITVC\06_Software\01_LatexEnv\miktex\tex\generic\pgf\utilities\pgfkeys.code.
tex)) (E:\ITVC\06_Software\01_LatexEnv\miktex\tex\latex\pgf\math\pgfmath.sty
(E:\ITVC\06_Software\01_LatexEnv\miktex\tex\generic\pgf\math\pgfmath.code.tex))

(E:\ITVC\06_Software\01_LatexEnv\miktex\tex\generic\pgf\utilities\pgffor.code.t
ex
Package: pgffor 2013/12/13 v3.0.1a (rcs-revision 1.25)

(E:\ITVC\06_Software\01_LatexEnv\miktex\tex\generic\pgf\math\pgfmath.code.tex)
\pgffor@iter=\dimen179
\pgffor@skip=\dimen180
\pgffor@stack=\toks37
\pgffor@toks=\toks38
))
(E:\ITVC\06_Software\01_LatexEnv\miktex\tex\generic\pgf\frontendlayer\tikz\tikz
.code.tex
Package: tikz 2015/08/07 v3.0.1a (rcs-revision 1.151)

(E:\ITVC\06_Software\01_LatexEnv\miktex\tex\generic\pgf\libraries\pgflibraryplo
thandlers.code.tex
File: pgflibraryplothandlers.code.tex 2013/08/31 v3.0.1a (rcs-revision 1.20)
\pgf@plot@mark@count=\count131
\pgfplotmarksize=\dimen181
)
\tikz@lastx=\dimen182
\tikz@lasty=\dimen183
\tikz@lastxsaved=\dimen184
\tikz@lastysaved=\dimen185
\tikzleveldistance=\dimen186
\tikzsiblingdistance=\dimen187
\tikz@figbox=\box44
\tikz@figbox@bg=\box45
\tikz@tempbox=\box46
\tikz@tempbox@bg=\box47
\tikztreelevel=\count132
\tikznumberofchildren=\count133
\tikznumberofcurrentchild=\count134
\tikz@fig@count=\count135

(E:\ITVC\06_Software\01_LatexEnv\miktex\tex\generic\pgf\modules\pgfmodulematrix
.code.tex
File: pgfmodulematrix.code.tex 2013/09/17  (rcs-revision 1.8)
\pgfmatrixcurrentrow=\count136
\pgfmatrixcurrentcolumn=\count137
\pgf@matrix@numberofcolumns=\count138
)
\tikz@expandcount=\count139

(E:\ITVC\06_Software\01_LatexEnv\miktex\tex\generic\pgf\frontendlayer\tikz\libr
aries\tikzlibrarytopaths.code.tex
File: tikzlibrarytopaths.code.tex 2008/06/17 v3.0.1a (rcs-revision 1.2)
)))
(E:\ITVC\06_Software\01_LatexEnv\miktex\tex\latex\leftidx\leftidx.sty
Package: leftidx 2003/09/24 v1.03 Left indices
)
(E:\ITVC\06_Software\01_LatexEnv\miktex\tex\latex\oberdiek\epstopdf.sty
Package: epstopdf 2010/02/09 v2.5 Conversion with epstopdf on the fly (HO)

(E:\ITVC\06_Software\01_LatexEnv\miktex\tex\latex\oberdiek\epstopdf-base.sty
Package: epstopdf-base 2010/02/09 v2.5 Base part for package epstopdf

(E:\ITVC\06_Software\01_LatexEnv\miktex\tex\latex\oberdiek\grfext.sty
Package: grfext 2010/08/19 v1.1 Manage graphics extensions (HO)

(E:\ITVC\06_Software\01_LatexEnv\miktex\tex\generic\oberdiek\kvdefinekeys.sty
Package: kvdefinekeys 2011/04/07 v1.3 Define keys (HO)
)) (E:\ITVC\06_Software\01_LatexEnv\miktex\tex\latex\oberdiek\kvoptions.sty
Package: kvoptions 2011/06/30 v3.11 Key value format for package options (HO)

(E:\ITVC\06_Software\01_LatexEnv\miktex\tex\generic\oberdiek\kvsetkeys.sty
Package: kvsetkeys 2012/04/25 v1.16 Key value parser (HO)

(E:\ITVC\06_Software\01_LatexEnv\miktex\tex\generic\oberdiek\etexcmds.sty
Package: etexcmds 2011/02/16 v1.5 Avoid name clashes with e-TeX commands (HO)

(E:\ITVC\06_Software\01_LatexEnv\miktex\tex\generic\oberdiek\ifluatex.sty
Package: ifluatex 2010/03/01 v1.3 Provides the ifluatex switch (HO)
Package ifluatex Info: LuaTeX not detected.
)
Package etexcmds Info: Could not find \expanded.
(etexcmds)             That can mean that you are not using pdfTeX 1.50 or
(etexcmds)             that some package has redefined \expanded.
(etexcmds)             In the latter case, load this package earlier.
)))
(E:\ITVC\06_Software\01_LatexEnv\miktex\tex\generic\oberdiek\pdftexcmds.sty
Package: pdftexcmds 2011/11/29 v0.20 Utility functions of pdfTeX for LuaTeX (HO
)
Package pdftexcmds Info: LuaTeX not detected.
Package pdftexcmds Info: \pdf@primitive is available.
Package pdftexcmds Info: \pdf@ifprimitive is available.
Package pdftexcmds Info: \pdfdraftmode found.
)
Package grfext Info: Graphics extension search list:
(grfext)             [.png,.pdf,.jpg,.mps,.jpeg,.jbig2,.jb2,.PNG,.PDF,.JPG,.JPE
G,.JBIG2,.JB2,.eps]
(grfext)             \AppendGraphicsExtensions on input line 452.
))
(E:\ITVC\06_Software\01_LatexEnv\miktex\tex\latex\breqn\breqn.sty
(E:\ITVC\06_Software\01_LatexEnv\miktex\tex\latex\l3kernel\expl3.sty
Package: expl3 2015/09/27 v6111 L3 programming layer (loader) 

(E:\ITVC\06_Software\01_LatexEnv\miktex\tex\latex\l3kernel\expl3-code.tex
Package: expl3 2015/09/27 v6111 L3 programming layer (code) 
L3 Module: l3bootstrap 2015/09/10 v5983 L3 Bootstrap code
L3 Module: l3names 2015/09/27 v6108 L3 Namespace for primitives
L3 Module: l3basics 2015/09/22 v6033 L3 Basic definitions
L3 Module: l3expan 2015/09/10 v5983 L3 Argument expansion
L3 Module: l3tl 2015/09/23 v6037 L3 Token lists
L3 Module: l3str 2015/09/20 v6021 L3 Strings
L3 Module: l3seq 2015/08/05 v5777 L3 Sequences and stacks
L3 Module: l3int 2015/09/25 v6089 L3 Integers
\c_max_int=\count140
\l_tmpa_int=\count141
\l_tmpb_int=\count142
\g_tmpa_int=\count143
\g_tmpb_int=\count144
L3 Module: l3quark 2015/08/17 v5855 L3 Quarks
L3 Module: l3prg 2015/09/10 v5983 L3 Control structures
\g__prg_map_int=\count145
L3 Module: l3clist 2015/09/02 v5901 L3 Comma separated lists
L3 Module: l3token 2015/09/23 v6040 L3 Experimental token manipulation
L3 Module: l3prop 2015/08/05 v5777 L3 Property lists
L3 Module: l3msg 2015/09/23 v6037 L3 Messages
L3 Module: l3file 2015/09/23 v6037 L3 File and I/O operations
\l_iow_line_count_int=\count146
\l__iow_target_count_int=\count147
\l__iow_current_line_int=\count148
\l__iow_current_word_int=\count149
\l__iow_current_indentation_int=\count150
L3 Module: l3skip 2015/09/25 v6089 L3 Dimensions and skips
\c_zero_dim=\dimen188
\c_max_dim=\dimen189
\l_tmpa_dim=\dimen190
\l_tmpb_dim=\dimen191
\g_tmpa_dim=\dimen192
\g_tmpb_dim=\dimen193
\c_zero_skip=\skip65
\c_max_skip=\skip66
\l_tmpa_skip=\skip67
\l_tmpb_skip=\skip68
\g_tmpa_skip=\skip69
\g_tmpb_skip=\skip70
\c_zero_muskip=\muskip12
\c_max_muskip=\muskip13
\l_tmpa_muskip=\muskip14
\l_tmpb_muskip=\muskip15
\g_tmpa_muskip=\muskip16
\g_tmpb_muskip=\muskip17
L3 Module: l3keys 2015/09/23 v6037 L3 Key-value interfaces
\g__keyval_level_int=\count151
\l_keys_choice_int=\count152
L3 Module: l3fp 2015/08/25 v5890 L3 Floating points
\c__fp_leading_shift_int=\count153
\c__fp_middle_shift_int=\count154
\c__fp_trailing_shift_int=\count155
\c__fp_big_leading_shift_int=\count156
\c__fp_big_middle_shift_int=\count157
\c__fp_big_trailing_shift_int=\count158
\c__fp_Bigg_leading_shift_int=\count159
\c__fp_Bigg_middle_shift_int=\count160
\c__fp_Bigg_trailing_shift_int=\count161
L3 Module: l3box 2015/08/09 v5822 L3 Experimental boxes
\c_empty_box=\box48
\l_tmpa_box=\box49
\l_tmpb_box=\box50
\g_tmpa_box=\box51
\g_tmpb_box=\box52
L3 Module: l3coffins 2015/08/06 v5789 L3 Coffin code layer
\l__coffin_internal_box=\box53
\l__coffin_internal_dim=\dimen194
\l__coffin_offset_x_dim=\dimen195
\l__coffin_offset_y_dim=\dimen196
\l__coffin_x_dim=\dimen197
\l__coffin_y_dim=\dimen198
\l__coffin_x_prime_dim=\dimen199
\l__coffin_y_prime_dim=\dimen200
\c_empty_coffin=\box54
\l__coffin_aligned_coffin=\box55
\l__coffin_aligned_internal_coffin=\box56
\l_tmpa_coffin=\box57
\l_tmpb_coffin=\box58
\l__coffin_display_coffin=\box59
\l__coffin_display_coord_coffin=\box60
\l__coffin_display_pole_coffin=\box61
\l__coffin_display_offset_dim=\dimen201
\l__coffin_display_x_dim=\dimen202
\l__coffin_display_y_dim=\dimen203
L3 Module: l3color 2014/08/23 v5354 L3 Experimental color support
L3 Module: l3candidates 2015/09/23 v6039 L3 Experimental additions to l3kernel
\l__box_top_dim=\dimen204
\l__box_bottom_dim=\dimen205
\l__box_left_dim=\dimen206
\l__box_right_dim=\dimen207
\l__box_top_new_dim=\dimen208
\l__box_bottom_new_dim=\dimen209
\l__box_left_new_dim=\dimen210
\l__box_right_new_dim=\dimen211
\l__box_internal_box=\box62
\l__coffin_bounding_shift_dim=\dimen212
\l__coffin_left_corner_dim=\dimen213
\l__coffin_right_corner_dim=\dimen214
\l__coffin_bottom_corner_dim=\dimen215
\l__coffin_top_corner_dim=\dimen216
\l__coffin_scaled_total_height_dim=\dimen217
\l__coffin_scaled_width_dim=\dimen218
L3 Module: l3sys 2015/09/25 v6087 L3 Experimental system/runtime functions
L3 Module: l3luatex 2015/09/10 v5983 L3 Experimental LuaTeX-specific functions
)
(E:\ITVC\06_Software\01_LatexEnv\miktex\tex\latex\l3kernel\l3unicode-data.def
File: l3unicode-data.def 2015/07/20 v5676 L3 Unicode data
)
(E:\ITVC\06_Software\01_LatexEnv\miktex\tex\latex\l3kernel\l3pdfmode.def
File: l3pdfmode.def 2015/09/10 v5983 L3 Experimental driver: PDF mode
\l__driver_color_stack_int=\count162
))
Package: breqn 2015/08/11 v0.98d Breaking equations

(E:\ITVC\06_Software\01_LatexEnv\miktex\tex\latex\breqn\flexisym.sty
Package: flexisym 2015/08/11 v0.98d Make math characters macros
LaTeX Info: Redefining \textprime on input line 299.
LaTeX Info: Redefining \not on input line 357.

(E:\ITVC\06_Software\01_LatexEnv\miktex\tex\latex\breqn\cmbase.sym
File: cmbase.sym 2007/12/19 v0.92
LaTeX Info: Redefining \hbar on input line 324.
LaTeX Info: Redefining \surd on input line 326.
LaTeX Info: Redefining \angle on input line 334.
LaTeX Info: Redefining \neq on input line 335.
LaTeX Info: Redefining \mapsto on input line 336.
LaTeX Info: Redefining \cong on input line 337.
LaTeX Info: Redefining \notin on input line 340.
LaTeX Info: Redefining \rightleftharpoons on input line 341.
LaTeX Info: Redefining \doteq on input line 342.
LaTeX Info: Redefining \hookrightarrow on input line 343.
LaTeX Info: Redefining \hookleftarrow on input line 344.
LaTeX Info: Redefining \bowtie on input line 345.
LaTeX Info: Redefining \models on input line 346.
LaTeX Info: Redefining \Longrightarrow on input line 347.
LaTeX Info: Redefining \longrightarrow on input line 348.
LaTeX Info: Redefining \Longleftarrow on input line 349.
LaTeX Info: Redefining \longleftarrow on input line 350.
LaTeX Info: Redefining \longmapsto on input line 351.
LaTeX Info: Redefining \longleftrightarrow on input line 352.
LaTeX Info: Redefining \Longleftrightarrow on input line 353.
LaTeX Info: Redefining \cdots on input line 357.
LaTeX Info: Redefining \vdots on input line 360.
LaTeX Info: Redefining \ddots on input line 365.
)
(E:\ITVC\06_Software\01_LatexEnv\miktex\tex\latex\breqn\mathstyle.sty
Package: mathstyle 2015/08/11 v0.98d Tracking mathstyle implicitly
LaTeX Info: Redefining \displaystyle on input line 93.
LaTeX Info: Redefining \textstyle on input line 95.
LaTeX Info: Redefining \scriptstyle on input line 97.
LaTeX Info: Redefining \scriptscriptstyle on input line 99.
LaTeX Info: Redefining \genfrac on input line 145.
))
\inf@bad=\count163
\maxint=\count164
\listwidth=\dimen219
\eqnumsep=\dimen220
\eqmargin=\dimen221
\eqlinespacing=\skip71
\eqlineskip=\skip72
\eqlineskiplimit=\dimen222
\eqbinoffset=\muskip18
\eqdelimoffset=\muskip19
\eqindentstep=\dimen223
\eqstyle=\toks39
\eqbreakdepth=\count165
\eqinterlinepenalty=\count166
\intereqpenalty=\count167
\intereqskip=\skip73
\prerelpenalty=\count168
\prebinoppenalty=\count169
\Dmedmuskip=\muskip20
\Dthickmuskip=\muskip21
\eqleftskip=\skip74
\eqrightskip=\skip75
\eq@vspan=\skip76
\eq@binoffset=\muskip22
\EQ@box=\box63
\EQ@copy=\box64
\EQ@numbox=\box65
\eq@wdNum=\dimen224
\GRP@numbox=\box66
\grp@wdNum=\dimen225
\eq@lines=\count170
\eq@curline=\count171
\eq@badness=\count172
\EQ@vims=\count173
\eq@dp=\dimen226
\eq@wdL=\dimen227
\eq@wdT=\dimen228
\eq@wdMin=\dimen229
\grp@wdL=\dimen230
\grp@wdR=\dimen231
\grp@wdT=\dimen232
\eq@wdRmax=\dimen233
\eq@firstht=\dimen256
\eq@wdCond=\dimen257
\eq@indentstep=\dimen258
\eq@linewidth=\dimen259
\grp@linewidth=\dimen260
\eq@hshift=\dimen261
\eq@given@sidespace=\dimen262
\eq@final@linecount=\count174
\eq@wdR=\dimen263
\EQ@continue=\toks40
\lr@level=\count175
\GRP@queue=\toks41
\GRP@box=\box67
\GRP@wholebox=\box68
\darraycolsep=\skip77
\cur@row=\count176
\cur@col=\count177
\conditionsep=\skip78
)
(E:\ITVC\06_Software\01_LatexEnv\miktex\tex\latex\oberdiek\pdflscape.sty
Package: pdflscape 2008/08/11 v0.10 Display of landscape pages in PDF (HO)

(E:\ITVC\06_Software\01_LatexEnv\miktex\tex\latex\graphics\lscape.sty
Package: lscape 2000/10/22 v3.01 Landscape Pages (DPC)
)
Package scrhack Info: loading lscape hack on input line 75.

(E:\ITVC\06_Software\01_LatexEnv\miktex\tex\latex\koma-script\lscape.hak
File: lscape.hak 2015/10/03 v3.19a KOMA-Script package (hacking package lscape)


(E:\ITVC\06_Software\01_LatexEnv\miktex\tex\latex\xpatch\xpatch.sty
Package: xpatch 2012/10/02 v0.3 Extending etoolbox patching commands

(E:\ITVC\06_Software\01_LatexEnv\miktex\tex\latex\l3packages\xparse\xparse.sty
Package: xparse 2015/09/27 v6111 L3 Experimental document command parser
\l__xparse_current_arg_int=\count178
\l__xparse_m_args_int=\count179
\l__xparse_mandatory_args_int=\count180
\l__xparse_processor_int=\count181
\l__xparse_v_nesting_int=\count182
) (E:\ITVC\06_Software\01_LatexEnv\miktex\tex\latex\etoolbox\etoolbox.sty
Package: etoolbox 2015/08/02 v2.2a e-TeX tools for LaTeX (JAW)
\etb@tempcnta=\count183


Package etoolbox Warning: Patching '\end' failed!
(etoolbox)                '\AfterEndEnvironment' will not work.

)
.................................................
. LaTeX info: "xparse/define-command"
. 
. Defining command \xpatchcmd with sig. '' on line 125.
.................................................
.................................................
. LaTeX info: "xparse/define-command"
. 
. Defining command \xpretocmd with sig. '' on line 126.
.................................................
.................................................
. LaTeX info: "xparse/define-command"
. 
. Defining command \xapptocmd with sig. '' on line 127.
.................................................
.................................................
. LaTeX info: "xparse/define-command"
. 
. Defining command \xshowcmd with sig. '' on line 128.
.................................................
.................................................
. LaTeX info: "xparse/define-command"
. 
. Defining command \xpatchbibmacro with sig. 'm' on line 131.
.................................................
.................................................
. LaTeX info: "xparse/define-command"
. 
. Defining command \xpretobibmacro with sig. 'm' on line 133.
.................................................
.................................................
. LaTeX info: "xparse/define-command"
. 
. Defining command \xapptobibmacro with sig. 'm' on line 135.
.................................................
.................................................
. LaTeX info: "xparse/define-command"
. 
. Defining command \xshowbibmacro with sig. 'm' on line 137.
.................................................
.................................................
. LaTeX info: "xparse/define-command"
. 
. Defining command \xpatchfieldformat with sig. 'O{*}m' on line 139.
.................................................
.................................................
. LaTeX info: "xparse/define-command"
. 
. Defining command \xpretofieldformat with sig. 'O{*}m' on line 141.
.................................................
.................................................
. LaTeX info: "xparse/define-command"
. 
. Defining command \xapptofieldformat with sig. 'O{*}m' on line 143.
.................................................
.................................................
. LaTeX info: "xparse/define-command"
. 
. Defining command \xshowfieldformat with sig. 'O{*}m' on line 145.
.................................................
.................................................
. LaTeX info: "xparse/define-command"
. 
. Defining command \xpatchnameformat with sig. 'O{*}m' on line 147.
.................................................
.................................................
. LaTeX info: "xparse/define-command"
. 
. Defining command \xpretonameformat with sig. 'O{*}m' on line 149.
.................................................
.................................................
. LaTeX info: "xparse/define-command"
. 
. Defining command \xapptonameformat with sig. 'O{*}m' on line 151.
.................................................
.................................................
. LaTeX info: "xparse/define-command"
. 
. Defining command \xshownameformat with sig. 'O{*}m' on line 153.
.................................................
.................................................
. LaTeX info: "xparse/define-command"
. 
. Defining command \xpatchlistformat with sig. 'O{*}m' on line 155.
.................................................
.................................................
. LaTeX info: "xparse/define-command"
. 
. Defining command \xpretolistformat with sig. 'O{*}m' on line 157.
.................................................
.................................................
. LaTeX info: "xparse/define-command"
. 
. Defining command \xapptolistformat with sig. 'O{*}m' on line 159.
.................................................
.................................................
. LaTeX info: "xparse/define-command"
. 
. Defining command \xshowlistformat with sig. 'O{*}m' on line 161.
.................................................
.................................................
. LaTeX info: "xparse/define-command"
. 
. Defining command \xpatchindexfieldformat with sig. 'O{*}m' on line 163.
.................................................
.................................................
. LaTeX info: "xparse/define-command"
. 
. Defining command \xpretoindexfieldformat with sig. 'O{*}m' on line 165.
.................................................
.................................................
. LaTeX info: "xparse/define-command"
. 
. Defining command \xapptoindexfieldformat with sig. 'O{*}m' on line 167.
.................................................
.................................................
. LaTeX info: "xparse/define-command"
. 
. Defining command \xshowindexfieldformat with sig. 'O{*}m' on line 169.
.................................................
.................................................
. LaTeX info: "xparse/define-command"
. 
. Defining command \xpatchindexnameformat with sig. 'O{*}m' on line 171.
.................................................
.................................................
. LaTeX info: "xparse/define-command"
. 
. Defining command \xpretoindexnameformat with sig. 'O{*}m' on line 173.
.................................................
.................................................
. LaTeX info: "xparse/define-command"
. 
. Defining command \xapptoindexnameformat with sig. 'O{*}m' on line 175.
.................................................
.................................................
. LaTeX info: "xparse/define-command"
. 
. Defining command \xshowindexnameformat with sig. 'O{*}m' on line 177.
.................................................
.................................................
. LaTeX info: "xparse/define-command"
. 
. Defining command \xpatchindexlistformat with sig. 'O{*}m' on line 179.
.................................................
.................................................
. LaTeX info: "xparse/define-command"
. 
. Defining command \xpretoindexlistformat with sig. 'O{*}m' on line 181.
.................................................
.................................................
. LaTeX info: "xparse/define-command"
. 
. Defining command \xappindextolistformat with sig. 'O{*}m' on line 183.
.................................................
.................................................
. LaTeX info: "xparse/define-command"
. 
. Defining command \xshowindexlistformat with sig. 'O{*}m' on line 185.
.................................................
.................................................
. LaTeX info: "xparse/define-command"
. 
. Defining command \xpatchbibdriver with sig. 'm' on line 187.
.................................................
.................................................
. LaTeX info: "xparse/define-command"
. 
. Defining command \xpretobibdriver with sig. 'm' on line 189.
.................................................
.................................................
. LaTeX info: "xparse/define-command"
. 
. Defining command \xapptobibdriver with sig. 'm' on line 191.
.................................................
.................................................
. LaTeX info: "xparse/define-command"
. 
. Defining command \xshowbibdriver with sig. 'm' on line 193.
.................................................
)
Package scrhack Info: \landscape patched to make \textheight change optional on
 input line 91.
\scrh@LT@textheight=\skip79
)
Package pdflscape Info: Auto-detected driver: pdftex on input line 80.
 (E:\ITVC\06_Software\01_LatexEnv\miktex\tex\generic\ifxetex\ifxetex.sty
Package: ifxetex 2010/09/12 v0.6 Provides ifxetex conditional
))
(E:\ITVC\06_Software\01_LatexEnv\miktex\tex\latex\tikz-3dplot\tikz-3dplot.sty
(E:\ITVC\06_Software\01_LatexEnv\miktex\tex\generic\pgf\frontendlayer\tikz\libr
aries\tikzlibrarycalc.code.tex
File: tikzlibrarycalc.code.tex 2013/07/15 v3.0.1a (rcs-revision 1.9)
)
(E:\ITVC\06_Software\01_LatexEnv\miktex\tex\generic\pgf\frontendlayer\tikz\libr
aries\tikzlibrary3d.code.tex
File: tikzlibrary3d.code.tex 2013/07/17 v3.0.1a (rcs-revision 1.2)
)
(E:\ITVC\06_Software\01_LatexEnv\miktex\tex\generic\pgf\frontendlayer\tikz\libr
aries\tikzlibraryarrows.code.tex
File: tikzlibraryarrows.code.tex 2008/01/09 v3.0.1a (rcs-revision 1.1)

(E:\ITVC\06_Software\01_LatexEnv\miktex\tex\generic\pgf\libraries\pgflibraryarr
ows.code.tex
File: pgflibraryarrows.code.tex 2013/09/23 v3.0.1a (rcs-revision 1.16)
\arrowsize=\dimen264
)))
(E:\ITVC\06_Software\01_LatexEnv\miktex\tex\latex\placeins\placeins.sty
Package: placeins 2005/04/18  v 2.2
)
(E:\ITVC\06_Software\01_LatexEnv\miktex\tex\latex\caption\subcaption.sty
Package: subcaption 2015/09/15 v1.1-100 Sub-captions (AR)
\c@subfigure=\count184
\c@subtable=\count185
)
(E:\ITVC\06_Software\01_LatexEnv\miktex\tex\latex\todonotes\todonotes.sty
Package: todonotes 2015/07/09 .dtx Todonotes source and documentation.
Package: todonotes 2012/07/25

(E:\ITVC\06_Software\01_LatexEnv\miktex\tex\latex\xkeyval\xkeyval.sty
Package: xkeyval 2014/12/03 v2.7a package option processing (HA)

(E:\ITVC\06_Software\01_LatexEnv\miktex\tex\generic\xkeyval\xkeyval.tex
(E:\ITVC\06_Software\01_LatexEnv\miktex\tex\generic\xkeyval\xkvutils.tex
\XKV@toks=\toks42
\XKV@tempa@toks=\toks43
)
\XKV@depth=\count186
File: xkeyval.tex 2014/12/03 v2.7a key=value parser (HA)
))
(E:\ITVC\06_Software\01_LatexEnv\miktex\tex\generic\pgf\frontendlayer\tikz\libr
aries\tikzlibrarypositioning.code.tex
File: tikzlibrarypositioning.code.tex 2008/10/06 v3.0.1a (rcs-revision 1.7)
)
\c@@todonotes@numberoftodonotes=\count187
)
Package scrhack Info: hyperref hack deactivated because of
(scrhack)             detection of KOMA-Script class, that doesn't
(scrhack)             need that hack, on input line 115.

(E:\ITVC\06_Software\01_LatexEnv\miktex\tex\latex\hyperref\hyperref.sty
Package: hyperref 2012/11/06 v6.83m Hypertext links for LaTeX

(E:\ITVC\06_Software\01_LatexEnv\miktex\tex\generic\oberdiek\hobsub-hyperref.st
y
Package: hobsub-hyperref 2012/04/25 v1.12 Bundle oberdiek, subset hyperref (HO)


(E:\ITVC\06_Software\01_LatexEnv\miktex\tex\generic\oberdiek\hobsub-generic.sty
Package: hobsub-generic 2012/04/25 v1.12 Bundle oberdiek, subset generic (HO)
Package: hobsub 2012/04/25 v1.12 Construct package bundles (HO)
Package hobsub Info: Skipping package `infwarerr' (already loaded).
Package hobsub Info: Skipping package `ltxcmds' (already loaded).
Package hobsub Info: Skipping package `ifluatex' (already loaded).
Package: ifvtex 2010/03/01 v1.5 Detect VTeX and its facilities (HO)
Package ifvtex Info: VTeX not detected.
Package: intcalc 2007/09/27 v1.1 Expandable calculations with integers (HO)
Package hobsub Info: Skipping package `ifpdf' (already loaded).
Package hobsub Info: Skipping package `etexcmds' (already loaded).
Package hobsub Info: Skipping package `kvsetkeys' (already loaded).
Package hobsub Info: Skipping package `kvdefinekeys' (already loaded).
Package hobsub Info: Skipping package `pdftexcmds' (already loaded).
Package: pdfescape 2011/11/25 v1.13 Implements pdfTeX's escape features (HO)
Package: bigintcalc 2012/04/08 v1.3 Expandable calculations on big integers (HO
)
Package: bitset 2011/01/30 v1.1 Handle bit-vector datatype (HO)
Package: uniquecounter 2011/01/30 v1.2 Provide unlimited unique counter (HO)
)
Package hobsub Info: Skipping package `hobsub' (already loaded).
Package: letltxmacro 2010/09/02 v1.4 Let assignment for LaTeX macros (HO)
Package: hopatch 2011/06/24 v1.1 Wrapper for package hooks (HO)
Package: xcolor-patch 2011/01/30 xcolor patch
Package: atveryend 2011/06/30 v1.8 Hooks at the very end of document (HO)
Package hobsub Info: Skipping package `atbegshi' (already loaded).
Package: refcount 2011/10/16 v3.4 Data extraction from label references (HO)
Package: hycolor 2011/01/30 v1.7 Color options for hyperref/bookmark (HO)
) (E:\ITVC\06_Software\01_LatexEnv\miktex\tex\latex\oberdiek\auxhook.sty
Package: auxhook 2011/03/04 v1.3 Hooks for auxiliary files (HO)
)
\@linkdim=\dimen265
\Hy@linkcounter=\count188
\Hy@pagecounter=\count189

(E:\ITVC\06_Software\01_LatexEnv\miktex\tex\latex\hyperref\pd1enc.def
File: pd1enc.def 2012/11/06 v6.83m Hyperref: PDFDocEncoding definition (HO)
)
\Hy@SavedSpaceFactor=\count190

(E:\ITVC\06_Software\01_LatexEnv\miktex\tex\latex\00miktex\hyperref.cfg
File: hyperref.cfg 2002/06/06 v1.2 hyperref configuration of TeXLive
)
Package hyperref Info: Option `colorlinks' set `false' on input line 4319.
Package hyperref Info: Option `bookmarks' set `true' on input line 4319.
Package hyperref Info: Option `bookmarksopen' set `true' on input line 4319.
Package hyperref Info: Option `bookmarksnumbered' set `true' on input line 4319
.
Package hyperref Info: Option `plainpages' set `false' on input line 4319.
Package hyperref Info: Hyper figures OFF on input line 4443.
Package hyperref Info: Link nesting OFF on input line 4448.
Package hyperref Info: Hyper index ON on input line 4451.
Package hyperref Info: Plain pages OFF on input line 4458.
Package hyperref Info: Backreferencing OFF on input line 4463.
Package hyperref Info: Implicit mode ON; LaTeX internals redefined.
Package hyperref Info: Bookmarks ON on input line 4688.
\c@Hy@tempcnt=\count191
LaTeX Info: Redefining \url on input line 5041.
\XeTeXLinkMargin=\dimen266
\Fld@menulength=\count192
\Field@Width=\dimen267
\Fld@charsize=\dimen268
Package hyperref Info: Hyper figures OFF on input line 6295.
Package hyperref Info: Link nesting OFF on input line 6300.
Package hyperref Info: Hyper index ON on input line 6303.
Package hyperref Info: backreferencing OFF on input line 6310.
Package hyperref Info: Link coloring OFF on input line 6315.
Package hyperref Info: Link coloring with OCG OFF on input line 6320.
Package hyperref Info: PDF/A mode OFF on input line 6325.
LaTeX Info: Redefining \ref on input line 6365.
LaTeX Info: Redefining \pageref on input line 6369.
\Hy@abspage=\count193
\c@Item=\count194
\c@Hfootnote=\count195
)

Package hyperref Message: Driver: hpdftex.

(E:\ITVC\06_Software\01_LatexEnv\miktex\tex\latex\hyperref\hpdftex.def
File: hpdftex.def 2012/11/06 v6.83m Hyperref driver for pdfTeX
\Fld@listcount=\count196
\c@bookmark@seq@number=\count197

(E:\ITVC\06_Software\01_LatexEnv\miktex\tex\latex\oberdiek\rerunfilecheck.sty
Package: rerunfilecheck 2011/04/15 v1.7 Rerun checks for auxiliary files (HO)
Package uniquecounter Info: New unique counter `rerunfilecheck' on input line 2
82.
)
\Hy@SectionHShift=\skip80
) (rtvc.aux)
LaTeX Font Info:    Checking defaults for OML/cmm/m/it on input line 193.
LaTeX Font Info:    ... okay on input line 193.
LaTeX Font Info:    Checking defaults for T1/cmr/m/n on input line 193.
LaTeX Font Info:    ... okay on input line 193.
LaTeX Font Info:    Checking defaults for OT1/cmr/m/n on input line 193.
LaTeX Font Info:    ... okay on input line 193.
LaTeX Font Info:    Checking defaults for OMS/cmsy/m/n on input line 193.
LaTeX Font Info:    ... okay on input line 193.
LaTeX Font Info:    Checking defaults for OMX/cmex/m/n on input line 193.
LaTeX Font Info:    ... okay on input line 193.
LaTeX Font Info:    Checking defaults for U/cmr/m/n on input line 193.
LaTeX Font Info:    ... okay on input line 193.
LaTeX Font Info:    Checking defaults for PD1/pdf/m/n on input line 193.
LaTeX Font Info:    ... okay on input line 193.
LaTeX Font Info:    Try loading font information for T1+lmr on input line 193.
 (E:\ITVC\06_Software\01_LatexEnv\miktex\tex\latex\lm\t1lmr.fd
File: t1lmr.fd 2009/10/30 v1.6 Font defs for Latin Modern
)
ABD: EveryShipout initializing macros

bibgerm.sty: (n)german.sty 2.5b detected

(E:\ITVC\06_Software\01_LatexEnv\miktex\tex\context\base\supp-pdf.mkii
[Loading MPS to PDF converter (version 2006.09.02).]
\scratchcounter=\count198
\scratchdimen=\dimen269
\scratchbox=\box69
\nofMPsegments=\count199
\nofMParguments=\count200
\everyMPshowfont=\toks44
\MPscratchCnt=\count201
\MPscratchDim=\dimen270
\MPnumerator=\count202
\makeMPintoPDFobject=\count203
\everyMPtoPDFconversion=\toks45
)
Package caption Info: Begin \AtBeginDocument code.
Package caption Info: hyperref package is loaded.
Package caption Info: wrapfig package is loaded.
Package caption Info: End \AtBeginDocument code.
\AtBeginShipoutBox=\box70
Package hyperref Info: Link coloring OFF on input line 193.
 (E:\ITVC\06_Software\01_LatexEnv\miktex\tex\latex\hyperref\nameref.sty
Package: nameref 2012/10/27 v2.43 Cross-referencing by name of section

(E:\ITVC\06_Software\01_LatexEnv\miktex\tex\generic\oberdiek\gettitlestring.sty
Package: gettitlestring 2010/12/03 v1.4 Cleanup title references (HO)
)
\c@section@level=\count204
)
LaTeX Info: Redefining \ref on input line 193.
LaTeX Info: Redefining \pageref on input line 193.
LaTeX Info: Redefining \nameref on input line 193.
 (rtvc.out) (rtvc.out)
\@outlinefile=\write4
LaTeX Font Info:    Try loading font information for T1+lmss on input line 195.


(E:\ITVC\06_Software\01_LatexEnv\miktex\tex\latex\lm\t1lmss.fd
File: t1lmss.fd 2009/10/30 v1.6 Font defs for Latin Modern
) (rtvc.tdo
LaTeX Font Info:    Try loading font information for OT1+lmr on input line 1.

(E:\ITVC\06_Software\01_LatexEnv\miktex\tex\latex\lm\ot1lmr.fd
File: ot1lmr.fd 2009/10/30 v1.6 Font defs for Latin Modern
)
LaTeX Font Info:    Try loading font information for OML+lmm on input line 1.

(E:\ITVC\06_Software\01_LatexEnv\miktex\tex\latex\lm\omllmm.fd
File: omllmm.fd 2009/10/30 v1.6 Font defs for Latin Modern
)
LaTeX Font Info:    Try loading font information for OMS+lmsy on input line 1.

(E:\ITVC\06_Software\01_LatexEnv\miktex\tex\latex\lm\omslmsy.fd
File: omslmsy.fd 2009/10/30 v1.6 Font defs for Latin Modern
)
LaTeX Font Info:    Try loading font information for OMX+lmex on input line 1.

(E:\ITVC\06_Software\01_LatexEnv\miktex\tex\latex\lm\omxlmex.fd
File: omxlmex.fd 2009/10/30 v1.6 Font defs for Latin Modern
)
LaTeX Font Info:    External font `lmex10' loaded for size
(Font)              <12> on input line 1.
LaTeX Font Info:    External font `lmex10' loaded for size
(Font)              <8> on input line 1.
LaTeX Font Info:    External font `lmex10' loaded for size
(Font)              <6> on input line 1.
LaTeX Font Info:    Try loading font information for U+lasy on input line 1.

(E:\ITVC\06_Software\01_LatexEnv\miktex\tex\latex\base\ulasy.fd
File: ulasy.fd 1998/08/17 v2.2e LaTeX symbol font definitions
)
LaTeX Font Info:    Try loading font information for U+msa on input line 1.

(E:\ITVC\06_Software\01_LatexEnv\miktex\tex\latex\amsfonts\umsa.fd
File: umsa.fd 2013/01/14 v3.01 AMS symbols A
)
LaTeX Font Info:    Try loading font information for U+msb on input line 1.

(E:\ITVC\06_Software\01_LatexEnv\miktex\tex\latex\amsfonts\umsb.fd
File: umsb.fd 2013/01/14 v3.01 AMS symbols B
))
\tf@tdo=\write5
 [1


{E:/ITVC/06_Software/01_LatexEnv/miktex/pdftex/config/pdftex.map}]
<01_figs/solaris.pdf, id=182, 110.5209pt x 50.73434pt>
File: 01_figs/solaris.pdf Graphic file (type pdf)

<use 01_figs/solaris.pdf>
Package pdftex.def Info: 01_figs/solaris.pdf used on input line 201.
(pdftex.def)             Requested size: 110.52063pt x 50.7342pt.

<01_figs/sofex.pdf, id=184, 240.52742pt x 155.13318pt>
File: 01_figs/sofex.pdf Graphic file (type pdf)
 <use 01_figs/sofex.pdf>
Package pdftex.def Info: 01_figs/sofex.pdf used on input line 202.
(pdftex.def)             Requested size: 240.52682pt x 155.1328pt.


Class scrreprt Warning: Usage of deprecated font command `\sf'!
(scrreprt)              You should note, that in 1994 font command `\sf' has
(scrreprt)              been defined for compatiblitiy to Script 2.0 only.
(scrreprt)              Now, after two decades of LaTeX2e and NFSS2, you
(scrreprt)              shouldn't use such commands any longer and within
(scrreprt)              KOMA-Script usage of `\sf' is definitely deprecated.
(scrreprt)              See `fntguide.pdf' for more information about
(scrreprt)              recommended font commands.
(scrreprt)              Note also, that KOMA-Script will remove the definition
(scrreprt)              of `\sf' anytime until release of about version 3.20.
(scrreprt)              But for now, KOMA-Script will replace deprecated `\sf'
(scrreprt)              by `\normalfont \sffamily ' on input line 207.

LaTeX Font Info:    External font `lmex10' loaded for size
(Font)              <14.4> on input line 229.
LaTeX Font Info:    External font `lmex10' loaded for size
(Font)              <10> on input line 229.
LaTeX Font Info:    External font `lmex10' loaded for size
(Font)              <7> on input line 229.
[1


 <./01_figs/solaris.pdf> <./01_figs/sofex.pdf>] [2



] (rtvc.toc [3



])
\tf@toc=\write6
 [4]
(rtvc.lof)
\tf@lof=\write7
 [5

] (rtvc.lot)
\tf@lot=\write8
 [6

]
chapter 1.
pdfTeX warning (ext4): destination with the same identifier (name{page.1}) has 
been already used, duplicate ignored
<to be read again> 
                   \relax 
l.262 \chapter
              {Aufbau} [1

]
chapter 2.
LaTeX Font Info:    Try loading font information for OMS+lmr on input line 266.

(E:\ITVC\06_Software\01_LatexEnv\miktex\tex\latex\lm\omslmr.fd
File: omslmr.fd 2009/10/30 v1.6 Font defs for Latin Modern
)
LaTeX Font Info:    Font shape `OMS/lmr/m/n' in size <12> not available
(Font)              Font shape `OMS/lmsy/m/n' tried instead on input line 266.
Package hyperref Info: bookmark level for unknown todo defaults to 0 on input l
ine 271.

Overfull \hbox (11.24983pt too wide) in paragraph at lines 271--271
[] 
 []

[2

] [3] [4] [5] [6


]
chapter 3.
[7

]
chapter 4.

LaTeX Warning: Reference `fig:RechennetzSchematisch' on page 8 undefined on inp
ut line 482.

[8

] [9]
chapter 5.

Overfull \hbox (11.24983pt too wide) in paragraph at lines 500--500
[] 
 []

[10

]
Overfull \hbox (24.17511pt too wide) in paragraph at lines 540--541
[]\T1/lmr/bx/n/12 Euler-Winkel (Nach-mul-ti-pli-ka-ti-on): \T1/lmr/m/n/12 Mul-t
i-pli-ka-ti-on in der Rei-hen-fol-ge []
 []


Overfull \hbox (11.24983pt too wide) in paragraph at lines 544--544
[] 
 []


Overfull \hbox (11.24983pt too wide) in paragraph at lines 546--546
[] 
 []

[11] [12]
chapter 6.
[13

]
chapter 7.
[1

]
chapter A.

Package movie15 Warning: @@@@@@@@@@@@@@@@@@@@@@@@@@@@@@@@@@@@@@@
(movie15)                @@ Package `movie15' is obsolete and @@
(movie15)                @@ superseded by `media9'.           @@
(movie15)                @@@@@@@@@@@@@@@@@@@@@@@@@@@@@@@@@@@@@@@.

[2

]
Package atveryend Info: Empty hook `BeforeClearDocument' on input line 587.
Package atveryend Info: Empty hook `AfterLastShipout' on input line 587.
 (rtvc.aux)
Package atveryend Info: Executing hook `AtVeryEndDocument' on input line 587.
Package atveryend Info: Executing hook `AtEndAfterFileList' on input line 587.
Package rerunfilecheck Info: File `rtvc.out' has not changed.
(rerunfilecheck)             Checksum: 27ECE2FC7DE4B3EAD97F6F24D3798FCD;2692.


LaTeX Warning: There were undefined references.

 ) 
Here is how much of TeX's memory you used:
 31457 strings out of 493673
 594121 string characters out of 3133420
 722953 words of memory out of 3000000
 34151 multiletter control sequences out of 15000+200000
 60831 words of font info for 64 fonts, out of 3000000 for 9000
 1025 hyphenation exceptions out of 8191
 64i,22n,90p,10386b,1084s stack positions out of 5000i,500n,10000p,200000b,50000s
{E:/ITVC/06_Software/01_LatexEnv/miktex/fonts/enc/dvips/lm/lm-mathsy.enc}{E:/
ITVC/06_Software/01_LatexEnv/miktex/fonts/enc/dvips/lm/lm-ec.enc}{E:/ITVC/06_So
ftware/01_LatexEnv/miktex/fonts/enc/dvips/lm/lm-rm.enc}{E:/ITVC/06_Software/01_
LatexEnv/miktex/fonts/enc/dvips/lm/lm-mathex.enc}{E:/ITVC/06_Software/01_LatexE
nv/miktex/fonts/enc/dvips/lm/lm-mathit.enc}<E:/ITVC/06_Software/01_LatexEnv/mik
tex/fonts/type1/public/lm/lmbx12.pfb><E:/ITVC/06_Software/01_LatexEnv/miktex/fo
nts/type1/public/lm/lmex10.pfb><E:/ITVC/06_Software/01_LatexEnv/miktex/fonts/ty
pe1/public/lm/lmmi12.pfb><E:/ITVC/06_Software/01_LatexEnv/miktex/fonts/type1/pu
blic/lm/lmmi8.pfb><E:/ITVC/06_Software/01_LatexEnv/miktex/fonts/type1/public/lm
/lmr10.pfb><E:/ITVC/06_Software/01_LatexEnv/miktex/fonts/type1/public/lm/lmr12.
pfb><E:/ITVC/06_Software/01_LatexEnv/miktex/fonts/type1/public/lm/lmr6.pfb><E:/
ITVC/06_Software/01_LatexEnv/miktex/fonts/type1/public/lm/lmr8.pfb><E:/ITVC/06_
Software/01_LatexEnv/miktex/fonts/type1/public/lm/lmss12.pfb><E:/ITVC/06_Softwa
re/01_LatexEnv/miktex/fonts/type1/public/lm/lmssbx10.pfb><E:/ITVC/06_Software/0
1_LatexEnv/miktex/fonts/type1/public/lm/lmsy10.pfb><E:/ITVC/06_Software/01_Late
xEnv/miktex/fonts/type1/public/lm/lmsy6.pfb><E:/ITVC/06_Software/01_LatexEnv/mi
ktex/fonts/type1/public/lm/lmsy8.pfb><E:/ITVC/06_Software/01_LatexEnv/miktex/fo
nts/type1/public/amsfonts/symbols/msbm10.pfb>
Output written on rtvc.pdf (22 pages, 311575 bytes).
PDF statistics:
 490 PDF objects out of 1000 (max. 8388607)
 104 named destinations out of 1000 (max. 500000)
 355 words of extra memory for PDF output out of 10000 (max. 10000000)

